<?xml version="1.0" encoding="UTF-8"?>
<!-- Generated by org.testng.reporters.JUnitReportReporter -->
<testsuite hostname="DESKTOP-RG609L7" failures="0" tests="1" name="CriticalFlowRun.Criticalflow" time="540.371" errors="0" timestamp="2023-08-08T00:08:21 IST" skipped="0">
  <testcase classname="CriticalFlowRun.Criticalflow" name="Customercreation100" time="540.371"/>
  <system-out/>
</testsuite> <!-- CriticalFlowRun.Criticalflow -->
