<?xml version="1.0" encoding="UTF-8"?>
<!-- Generated by org.testng.reporters.JUnitReportReporter -->
<testsuite hostname="DESKTOP-RG609L7" failures="0" tests="1" name="CriticalFlowRun.Criticalflow" time="650.336" errors="0" timestamp="2023-08-28T23:39:12 IST" skipped="0">
  <testcase classname="CriticalFlowRun.Criticalflow" name="Customercreation100" time="650.336"/>
  <system-out/>
</testsuite> <!-- CriticalFlowRun.Criticalflow -->
