<?xml version="1.0" encoding="UTF-8"?>
<!-- Generated by org.testng.reporters.JUnitReportReporter -->
<testsuite hostname="DESKTOP-RG609L7" failures="0" tests="1" name="CriticalFlowRun.Criticalflow" time="663.892" errors="0" timestamp="03 May 2023 10:08:52 GMT" skipped="0">
  <testcase classname="CriticalFlowRun.Criticalflow" name="Customercreation100" time="663.892"/>
</testsuite> <!-- CriticalFlowRun.Criticalflow -->
