<?xml version="1.0" encoding="UTF-8"?>
<!-- Generated by org.testng.reporters.JUnitReportReporter -->
<testsuite hostname="DESKTOP-RG609L7" failures="0" tests="1" name="CriticalFlowRun.Criticalflow" time="789.174" errors="0" timestamp="2023-06-12T13:46:32 IST" skipped="0">
  <testcase classname="CriticalFlowRun.Criticalflow" name="Customercreation100" time="789.174"/>
  <system-out/>
</testsuite> <!-- CriticalFlowRun.Criticalflow -->
