<?xml version="1.0" encoding="UTF-8"?>
<!-- Generated by org.testng.reporters.JUnitReportReporter -->
<testsuite hostname="DESKTOP-RG609L7" failures="0" tests="1" name="CriticalFlowRun.Criticalflow" time="0.000" errors="0" timestamp="02 May 2023 14:25:58 GMT" skipped="1">
  <testcase classname="CriticalFlowRun.Criticalflow" name="Customercreation100" time="0.000">
    <skipped/>
  </testcase> <!-- Customercreation100 -->
</testsuite> <!-- CriticalFlowRun.Criticalflow -->
