<?xml version="1.0" encoding="UTF-8"?>
<!-- Generated by org.testng.reporters.JUnitReportReporter -->
<testsuite hostname="DESKTOP-RG609L7" failures="0" tests="1" name="CriticalFlowRun.Criticalflow" time="606.202" errors="0" timestamp="2023-09-08T12:04:30 IST" skipped="0">
  <testcase classname="CriticalFlowRun.Criticalflow" name="Customercreation100" time="606.202"/>
  <system-out/>
</testsuite> <!-- CriticalFlowRun.Criticalflow -->
