<?xml version="1.0" encoding="UTF-8"?>
<!-- Generated by org.testng.reporters.JUnitReportReporter -->
<testsuite hostname="DESKTOP-RG609L7" failures="0" tests="1" name="CriticalFlowRun.Criticalflow" time="591.701" errors="0" timestamp="2023-05-29T14:25:57 IST" skipped="0">
  <testcase classname="CriticalFlowRun.Criticalflow" name="Customercreation100" time="591.701"/>
  <system-out/>
</testsuite> <!-- CriticalFlowRun.Criticalflow -->
