<?xml version="1.0" encoding="UTF-8"?>
<!-- Generated by org.testng.reporters.JUnitReportReporter -->
<testsuite hostname="DESKTOP-RG609L7" failures="0" tests="1" name="CriticalFlowRun.Criticalflow" time="620.469" errors="0" timestamp="2023-09-15T13:34:24 IST" skipped="0">
  <testcase classname="CriticalFlowRun.Criticalflow" name="Customercreation100" time="620.469"/>
  <system-out/>
</testsuite> <!-- CriticalFlowRun.Criticalflow -->
