<?xml version="1.0" encoding="UTF-8"?>
<!-- Generated by org.testng.reporters.JUnitReportReporter -->
<testsuite hostname="DESKTOP-RG609L7" failures="0" tests="1" name="CriticalFlowRun.Criticalflow" time="0.007" errors="0" timestamp="2023-05-22T17:34:54 IST" skipped="0">
  <testcase classname="CriticalFlowRun.Criticalflow" name="Customercreation100" time="0.007"/>
  <system-out/>
</testsuite> <!-- CriticalFlowRun.Criticalflow -->
